<?xml version="1.0" encoding="utf-8" standalone="no"?>
<testsuites xmlns:xsi="http://www.w3.org/2001/XMLSchema-instance" xsi:noNamespaceSchemaLocation="junit_schema_4.xsd" name="Module Tests" tests="37" errors="0" failures="0" disabled="1" time="41.882">
  <testsuite name="C:\dev\ip\Azure-ResourceModules\ResourceModules\utilities\pipelines\staticValidation\module.tests.ps1" tests="37" errors="0" failures="0" hostname="DESKTOP-7OKH8K1" id="0" skipped="1" disabled="0" package="C:\dev\ip\Azure-ResourceModules\ResourceModules\utilities\pipelines\staticValidation\module.tests.ps1" time="41.882">
    <properties>
      <property name="junit-version" value="4" />
      <property name="machine-name" value="DESKTOP-7OKH8K1" />
      <property name="user-domain" value="EUROPE" />
      <property name="cwd" value="C:\dev\ip\Azure-ResourceModules\ResourceModules" />
      <property name="os-version" value="10.0.22621" />
      <property name="user" value="alsehr" />
      <property name="platform" value="Microsoft Windows 11 Enterprise|C:\WINDOWS|\Device\Harddisk0\Partition3" />
      <property name="clr-version" value="Unknown" />
    </properties>
    <testcase name="File/folder tests..General module folder tests.[Microsoft.KeyVault/vaults/secrets] Module should contain a [ deploy.json  /  deploy.bicep ] file." status="Passed" classname="C:\dev\ip\Azure-ResourceModules\ResourceModules\utilities\pipelines\staticValidation\module.tests.ps1" assertions="0" time="0.631" />
    <testcase name="File/folder tests..General module folder tests.[Microsoft.KeyVault/vaults/secrets] Module should contain a [ readme.md ] file." status="Passed" classname="C:\dev\ip\Azure-ResourceModules\ResourceModules\utilities\pipelines\staticValidation\module.tests.ps1" assertions="0" time="0.123" />
    <testcase name="File/folder tests..General module folder tests.[Microsoft.KeyVault/vaults/secrets] Module should contain a [ version.json ] file." status="Passed" classname="C:\dev\ip\Azure-ResourceModules\ResourceModules\utilities\pipelines\staticValidation\module.tests.ps1" assertions="0" time="0.063" />
    <testcase name="Readme tests..Readme content tests.[Microsoft.KeyVault/vaults/secrets] Readme.md file should not be empty." status="Passed" classname="C:\dev\ip\Azure-ResourceModules\ResourceModules\utilities\pipelines\staticValidation\module.tests.ps1" assertions="0" time="0.193" />
    <testcase name="Readme tests..Readme content tests.[Microsoft.KeyVault/vaults/secrets] Readme.md file should contain these sections in order: Navigation, Resource Types, Parameters, Outputs, Cross-referenced modules, Deployment examples." status="Passed" classname="C:\dev\ip\Azure-ResourceModules\ResourceModules\utilities\pipelines\staticValidation\module.tests.ps1" assertions="0" time="0.227" />
    <testcase name="Readme tests..Readme content tests.[Microsoft.KeyVault/vaults/secrets] Resources section should contain all resources from the template file." status="Passed" classname="C:\dev\ip\Azure-ResourceModules\ResourceModules\utilities\pipelines\staticValidation\module.tests.ps1" assertions="0" time="0.211" />
    <testcase name="Readme tests..Readme content tests.[Microsoft.KeyVault/vaults/secrets] Resources section should not contain more resources than the template file." status="Passed" classname="C:\dev\ip\Azure-ResourceModules\ResourceModules\utilities\pipelines\staticValidation\module.tests.ps1" assertions="0" time="0.165" />
    <testcase name="Readme tests..Readme content tests.[Microsoft.KeyVault/vaults/secrets] Parameters section should contain a table for each existing parameter category in the following order: Required, Conditional, Optional, Generated." status="Passed" classname="C:\dev\ip\Azure-ResourceModules\ResourceModules\utilities\pipelines\staticValidation\module.tests.ps1" assertions="0" time="0.206" />
    <testcase name="Readme tests..Readme content tests.[Microsoft.KeyVault/vaults/secrets] Parameter tables should provide columns in the following order: Parameter Name, Type, Default Value, Allowed Values, Description. Each column should be present unless empty for all the rows." status="Passed" classname="C:\dev\ip\Azure-ResourceModules\ResourceModules\utilities\pipelines\staticValidation\module.tests.ps1" assertions="0" time="0.264" />
    <testcase name="Readme tests..Readme content tests.[Microsoft.KeyVault/vaults/secrets] Parameters section should contain all parameters from the template file." status="Passed" classname="C:\dev\ip\Azure-ResourceModules\ResourceModules\utilities\pipelines\staticValidation\module.tests.ps1" assertions="0" time="0.170" />
    <testcase name="Readme tests..Readme content tests.[Microsoft.KeyVault/vaults/secrets] Outputs section should contain a table with these column names in order: Output Name, Type." status="Passed" classname="C:\dev\ip\Azure-ResourceModules\ResourceModules\utilities\pipelines\staticValidation\module.tests.ps1" assertions="0" time="0.179" />
    <testcase name="Readme tests..Readme content tests.[Microsoft.KeyVault/vaults/secrets] Output section should contain all outputs defined in the template file." status="Passed" classname="C:\dev\ip\Azure-ResourceModules\ResourceModules\utilities\pipelines\staticValidation\module.tests.ps1" assertions="0" time="0.187" />
    <testcase name="Readme tests..Readme content tests.[Microsoft.KeyVault/vaults/secrets] Dependencies section should contain all cross-references defined in the template file." status="Passed" classname="C:\dev\ip\Azure-ResourceModules\ResourceModules\utilities\pipelines\staticValidation\module.tests.ps1" assertions="0" time="8.454" />
    <testcase name="Readme tests..Readme content tests.[Microsoft.KeyVault/vaults/secrets] Set-ModuleReadMe script should not apply any updates." status="Passed" classname="C:\dev\ip\Azure-ResourceModules\ResourceModules\utilities\pipelines\staticValidation\module.tests.ps1" assertions="0" time="10.700" />
    <testcase name="Deployment template tests..General template.[Microsoft.KeyVault/vaults/secrets] The template file should not be empty." status="Passed" classname="C:\dev\ip\Azure-ResourceModules\ResourceModules\utilities\pipelines\staticValidation\module.tests.ps1" assertions="0" time="0.095" />
    <testcase name="Deployment template tests..General template.[Microsoft.KeyVault/vaults/secrets] Template schema version should be the latest." status="Passed" classname="C:\dev\ip\Azure-ResourceModules\ResourceModules\utilities\pipelines\staticValidation\module.tests.ps1" assertions="0" time="0.101" />
    <testcase name="Deployment template tests..General template.[Microsoft.KeyVault/vaults/secrets] Template schema should use HTTPS reference." status="Passed" classname="C:\dev\ip\Azure-ResourceModules\ResourceModules\utilities\pipelines\staticValidation\module.tests.ps1" assertions="0" time="0.097" />
    <testcase name="Deployment template tests..General template.[Microsoft.KeyVault/vaults/secrets] All apiVersion properties should be set to a static, hard-coded value." status="Passed" classname="C:\dev\ip\Azure-ResourceModules\ResourceModules\utilities\pipelines\staticValidation\module.tests.ps1" assertions="0" time="0.121" />
    <testcase name="Deployment template tests..General template.[Microsoft.KeyVault/vaults/secrets] The template file should contain required elements schema, contentVersion, resources." status="Passed" classname="C:\dev\ip\Azure-ResourceModules\ResourceModules\utilities\pipelines\staticValidation\module.tests.ps1" assertions="0" time="0.114" />
    <testcase name="Deployment template tests..General template.[Microsoft.KeyVault/vaults/secrets] If delete lock is implemented, the template should have a lock parameter with an empty default value." status="Passed" classname="C:\dev\ip\Azure-ResourceModules\ResourceModules\utilities\pipelines\staticValidation\module.tests.ps1" assertions="0" time="0.055" />
    <testcase name="Deployment template tests..General template.[Microsoft.KeyVault/vaults/secrets] Parameter names should be camel-cased (no dashes or underscores and must start with lower-case letter)." status="Passed" classname="C:\dev\ip\Azure-ResourceModules\ResourceModules\utilities\pipelines\staticValidation\module.tests.ps1" assertions="0" time="0.076" />
    <testcase name="Deployment template tests..General template.[Microsoft.KeyVault/vaults/secrets] Variable names should be camel-cased (no dashes or underscores and must start with lower-case letter)." status="Skipped" classname="C:\dev\ip\Azure-ResourceModules\ResourceModules\utilities\pipelines\staticValidation\module.tests.ps1" assertions="0" time="0.133">
      <skipped message="Exception: is skipped, because the module template has no variables."></skipped>
    </testcase>
    <testcase name="Deployment template tests..General template.[Microsoft.KeyVault/vaults/secrets] Output names should be camel-cased (no dashes or underscores and must start with lower-case letter)." status="Passed" classname="C:\dev\ip\Azure-ResourceModules\ResourceModules\utilities\pipelines\staticValidation\module.tests.ps1" assertions="0" time="0.072" />
    <testcase name="Deployment template tests..General template.[Microsoft.KeyVault/vaults/secrets] CUA ID deployment should be present in the template." status="Passed" classname="C:\dev\ip\Azure-ResourceModules\ResourceModules\utilities\pipelines\staticValidation\module.tests.ps1" assertions="0" time="0.072" />
    <testcase name="Deployment template tests..General template.[Microsoft.KeyVault/vaults/secrets] The Location should be defined as a parameter, with the default value of [resourceGroup().Location] or global for ResourceGroup deployment  scope" status="Passed" classname="C:\dev\ip\Azure-ResourceModules\ResourceModules\utilities\pipelines\staticValidation\module.tests.ps1" assertions="0" time="0.073" />
    <testcase name="Deployment template tests..General template.[Microsoft.KeyVault/vaults/secrets] Location output should be returned for resources that use it" status="Passed" classname="C:\dev\ip\Azure-ResourceModules\ResourceModules\utilities\pipelines\staticValidation\module.tests.ps1" assertions="0" time="0.144" />
    <testcase name="Deployment template tests..General template.[Microsoft.KeyVault/vaults/secrets] Resource Group output should exist for resources that are deployed into a resource group scope." status="Passed" classname="C:\dev\ip\Azure-ResourceModules\ResourceModules\utilities\pipelines\staticValidation\module.tests.ps1" assertions="0" time="0.083" />
    <testcase name="Deployment template tests..General template.[Microsoft.KeyVault/vaults/secrets] Resource name output should exist." status="Passed" classname="C:\dev\ip\Azure-ResourceModules\ResourceModules\utilities\pipelines\staticValidation\module.tests.ps1" assertions="0" time="0.090" />
    <testcase name="Deployment template tests..General template.[Microsoft.KeyVault/vaults/secrets] Resource ID output should exist." status="Passed" classname="C:\dev\ip\Azure-ResourceModules\ResourceModules\utilities\pipelines\staticValidation\module.tests.ps1" assertions="0" time="0.064" />
    <testcase name="Deployment template tests..General template.[Microsoft.KeyVault/vaults/secrets] Each parameters' description should start with a one word category starting with a capital letter, followed by a dot, a space and the actual description text ending with a dot." status="Passed" classname="C:\dev\ip\Azure-ResourceModules\ResourceModules\utilities\pipelines\staticValidation\module.tests.ps1" assertions="0" time="0.075" />
    <testcase name="Deployment template tests..General template.[Microsoft.KeyVault/vaults/secrets] Conditional parameters' description should contain 'Required if' followed by the condition making the parameter required." status="Passed" classname="C:\dev\ip\Azure-ResourceModules\ResourceModules\utilities\pipelines\staticValidation\module.tests.ps1" assertions="0" time="0.078" />
    <testcase name="Deployment template tests..General template.[Microsoft.KeyVault/vaults/secrets] outputs' description should start with a capital letter and contain text ending with a dot." status="Passed" classname="C:\dev\ip\Azure-ResourceModules\ResourceModules\utilities\pipelines\staticValidation\module.tests.ps1" assertions="0" time="0.145" />
    <testcase name="Deployment template tests..General template.[Microsoft.KeyVault/vaults/secrets] All parameters in parameters files exist in template file (deploy.json)." status="Passed" classname="C:\dev\ip\Azure-ResourceModules\ResourceModules\utilities\pipelines\staticValidation\module.tests.ps1" assertions="0" time="0.060" />
    <testcase name="Deployment template tests..General template.[Microsoft.KeyVault/vaults/secrets] All required parameters in template file (deploy.json) should exist in parameters files." status="Passed" classname="C:\dev\ip\Azure-ResourceModules\ResourceModules\utilities\pipelines\staticValidation\module.tests.ps1" assertions="0" time="0.058" />
    <testcase name="Deployment template tests..General template.[Microsoft.KeyVault/vaults/secrets] All non-required parameters in template file should not have description that start with &quot;Required.&quot;." status="Passed" classname="C:\dev\ip\Azure-ResourceModules\ResourceModules\utilities\pipelines\staticValidation\module.tests.ps1" assertions="0" time="0.066" />
    <testcase name="API version tests..In [Microsoft.KeyVault/vaults/secrets] used resource type [roleassignments] should use one of the recent API version(s). Currently using [2022-04-01]." status="Passed" classname="C:\dev\ip\Azure-ResourceModules\ResourceModules\utilities\pipelines\staticValidation\module.tests.ps1" assertions="0" time="0.230" />
    <testcase name="API version tests..In [Microsoft.KeyVault/vaults/secrets] used resource type [vaults/secrets] should use one of the recent API version(s). Currently using [2022-07-01]." status="Passed" classname="C:\dev\ip\Azure-ResourceModules\ResourceModules\utilities\pipelines\staticValidation\module.tests.ps1" assertions="0" time="0.092" />
  </testsuite>
</testsuites>