<?xml version="1.0" encoding="utf-8" standalone="no"?>
<testsuites xmlns:xsi="http://www.w3.org/2001/XMLSchema-instance" xsi:noNamespaceSchemaLocation="junit_schema_4.xsd" name="Module Tests" tests="55" errors="0" failures="2" disabled="3" time="32.651">
  <testsuite name="C:\dev\ip\Azure-ResourceModules\ResourceModules\utilities\pipelines\staticValidation\module.tests.ps1" tests="55" errors="0" failures="2" hostname="DESKTOP-7OKH8K1" id="0" skipped="3" disabled="0" package="C:\dev\ip\Azure-ResourceModules\ResourceModules\utilities\pipelines\staticValidation\module.tests.ps1" time="32.651">
    <properties>
      <property name="junit-version" value="4" />
      <property name="platform" value="Microsoft Windows 11 Enterprise|C:\WINDOWS|\Device\Harddisk0\Partition3" />
      <property name="clr-version" value="Unknown" />
      <property name="machine-name" value="DESKTOP-7OKH8K1" />
      <property name="cwd" value="C:\dev\ip\Azure-ResourceModules\ResourceModules" />
      <property name="user-domain" value="EUROPE" />
      <property name="user" value="alsehr" />
      <property name="os-version" value="10.0.22621" />
    </properties>
    <testcase name="File/folder tests.General module folder tests.[Microsoft.AnalysisServices/servers] Module should have a GitHub workflow" status="Passed" classname="C:\dev\ip\Azure-ResourceModules\ResourceModules\utilities\pipelines\staticValidation\module.tests.ps1" assertions="0" time="0.039" />
    <testcase name="File/folder tests.General module folder tests.[Microsoft.AnalysisServices/servers] Module should have an Azure DevOps pipeline" status="Passed" classname="C:\dev\ip\Azure-ResourceModules\ResourceModules\utilities\pipelines\staticValidation\module.tests.ps1" assertions="0" time="0.060" />
    <testcase name="File/folder tests.General module folder tests.[Microsoft.AnalysisServices/servers] Module should contain a [ deploy.json  /  deploy.bicep ] file" status="Passed" classname="C:\dev\ip\Azure-ResourceModules\ResourceModules\utilities\pipelines\staticValidation\module.tests.ps1" assertions="0" time="0.068" />
    <testcase name="File/folder tests.General module folder tests.[Microsoft.AnalysisServices/servers] Module should contain a [ readme.md ] file" status="Passed" classname="C:\dev\ip\Azure-ResourceModules\ResourceModules\utilities\pipelines\staticValidation\module.tests.ps1" assertions="0" time="0.061" />
    <testcase name="File/folder tests.General module folder tests.[Microsoft.AnalysisServices/servers] Module should contain a [ .test ] folder" status="Passed" classname="C:\dev\ip\Azure-ResourceModules\ResourceModules\utilities\pipelines\staticValidation\module.tests.ps1" assertions="0" time="0.053" />
    <testcase name="File/folder tests.General module folder tests.[Microsoft.AnalysisServices/servers] Module should contain a [ version.json ] file" status="Passed" classname="C:\dev\ip\Azure-ResourceModules\ResourceModules\utilities\pipelines\staticValidation\module.tests.ps1" assertions="0" time="0.043" />
    <testcase name="File/folder tests..test folder.[Microsoft.AnalysisServices/servers] Folder should contain one or more test files" status="Passed" classname="C:\dev\ip\Azure-ResourceModules\ResourceModules\utilities\pipelines\staticValidation\module.tests.ps1" assertions="0" time="0.090" />
    <testcase name="File/folder tests..test folder.[Microsoft.AnalysisServices/servers] JSON test files in the .test folder should be valid json" status="Skipped" classname="C:\dev\ip\Azure-ResourceModules\ResourceModules\utilities\pipelines\staticValidation\module.tests.ps1" assertions="0" time="0.078">
      <skipped message="Exception: is skipped, because the module has no JSON test files."></skipped>
    </testcase>
    <testcase name="File/folder tests..test folder.[Microsoft.AnalysisServices/servers] JSON test files in the .test folder should be valid json" status="Skipped" classname="C:\dev\ip\Azure-ResourceModules\ResourceModules\utilities\pipelines\staticValidation\module.tests.ps1" assertions="0" time="0.047">
      <skipped message="Exception: is skipped, because the module has no JSON test files."></skipped>
    </testcase>
    <testcase name="File/folder tests..test folder.[Microsoft.AnalysisServices/servers] JSON test files in the .test folder should be valid json" status="Skipped" classname="C:\dev\ip\Azure-ResourceModules\ResourceModules\utilities\pipelines\staticValidation\module.tests.ps1" assertions="0" time="0.037">
      <skipped message="Exception: is skipped, because the module has no JSON test files."></skipped>
    </testcase>
    <testcase name="Readme tests.Readme content tests.[Microsoft.AnalysisServices/servers] Readme.md file should not be empty" status="Passed" classname="C:\dev\ip\Azure-ResourceModules\ResourceModules\utilities\pipelines\staticValidation\module.tests.ps1" assertions="0" time="0.257" />
    <testcase name="Readme tests.Readme content tests.[Microsoft.AnalysisServices/servers] Readme.md file should contain these sections in order: Navigation, Resource Types, Parameters, Outputs, Cross-referenced modules, Deployment examples" status="Passed" classname="C:\dev\ip\Azure-ResourceModules\ResourceModules\utilities\pipelines\staticValidation\module.tests.ps1" assertions="0" time="0.085" />
    <testcase name="Readme tests.Readme content tests.[Microsoft.AnalysisServices/servers] Resources section should contain all resources from the template file" status="Passed" classname="C:\dev\ip\Azure-ResourceModules\ResourceModules\utilities\pipelines\staticValidation\module.tests.ps1" assertions="0" time="0.050" />
    <testcase name="Readme tests.Readme content tests.[Microsoft.AnalysisServices/servers] Resources section should not contain more resources than the template file" status="Passed" classname="C:\dev\ip\Azure-ResourceModules\ResourceModules\utilities\pipelines\staticValidation\module.tests.ps1" assertions="0" time="0.042" />
    <testcase name="Readme tests.Readme content tests.[Microsoft.AnalysisServices/servers] Parameters section should contain a table for each existing parameter category in the following order: Required, Conditional, Optional, Generated" status="Passed" classname="C:\dev\ip\Azure-ResourceModules\ResourceModules\utilities\pipelines\staticValidation\module.tests.ps1" assertions="0" time="0.058" />
    <testcase name="Readme tests.Readme content tests.[Microsoft.AnalysisServices/servers] Parameter tables should provide columns in the following order: Parameter Name, Type, Default Value, Allowed Values, Description. Each column should be present unless empty for all the rows." status="Passed" classname="C:\dev\ip\Azure-ResourceModules\ResourceModules\utilities\pipelines\staticValidation\module.tests.ps1" assertions="0" time="0.118" />
    <testcase name="Readme tests.Readme content tests.[Microsoft.AnalysisServices/servers] Parameters section should contain all parameters from the template file" status="Passed" classname="C:\dev\ip\Azure-ResourceModules\ResourceModules\utilities\pipelines\staticValidation\module.tests.ps1" assertions="0" time="0.074" />
    <testcase name="Readme tests.Readme content tests.[Microsoft.AnalysisServices/servers] Outputs section should contain a table with these column names in order: Output Name, Type" status="Passed" classname="C:\dev\ip\Azure-ResourceModules\ResourceModules\utilities\pipelines\staticValidation\module.tests.ps1" assertions="0" time="0.040" />
    <testcase name="Readme tests.Readme content tests.[Microsoft.AnalysisServices/servers] Output section should contain all outputs defined in the template file" status="Failed" classname="C:\dev\ip\Azure-ResourceModules\ResourceModules\utilities\pipelines\staticValidation\module.tests.ps1" assertions="0" time="0.052">
      <failure message="Expected 0, because list of template outputs missing in the ReadMe file [location] should be empty, but got 1.">at $differentiatingItems.Count | Should -Be 0 -Because ('list of template outputs missing in the ReadMe file [{0}] should be empty' -f ($differentiatingItems -join ',')), C:\dev\ip\Azure-ResourceModules\ResourceModules\utilities\pipelines\staticValidation\module.tests.ps1:459
at &lt;ScriptBlock&gt;, C:\dev\ip\Azure-ResourceModules\ResourceModules\utilities\pipelines\staticValidation\module.tests.ps1:459</failure>
    </testcase>
    <testcase name="Readme tests.Readme content tests.[Microsoft.AnalysisServices/servers] Dependencies section should contain all cross-references defined in the template file" status="Passed" classname="C:\dev\ip\Azure-ResourceModules\ResourceModules\utilities\pipelines\staticValidation\module.tests.ps1" assertions="0" time="4.453" />
    <testcase name="Readme tests.Readme content tests.[Microsoft.AnalysisServices/servers] Set-ModuleReadMe script should not apply any updates" status="Failed" classname="C:\dev\ip\Azure-ResourceModules\ResourceModules\utilities\pipelines\staticValidation\module.tests.ps1" assertions="0" time="7.202">
      <failure message="Expected $true, because The file hashes before and after applying the Set-ModuleReadMe function should be identical, but got&lt;/p&gt;&lt;code&gt;diff --git a/modules/Microsoft.AnalysisServices/servers/readme.md b/modules/Microsoft.AnalysisServices/servers/readme.md&lt;/p&gt;index 1c40058a7..16887afb6 100644&lt;/p&gt;--- a/modules/Microsoft.AnalysisServices/servers/readme.md&lt;/p&gt;+++ b/modules/Microsoft.AnalysisServices/servers/readme.md&lt;/p&gt;@@ -153,6 +153,7 @@ roleAssignments: [&lt;/p&gt; &lt;/p&gt; \| Output Name \| Type \| Description \|&lt;/p&gt; \| :-- \| :-- \| :-- \|&lt;/p&gt;+\| `location` \| string \| The location the resource was deployed into. \|&lt;/p&gt; \| `name` \| string \| The name of the analysis service. \|&lt;/p&gt; \| `resourceGroupName` \| string \| The resource group the analysis service was deployed into. \|&lt;/p&gt; \| `resourceId` \| string \| The resource ID of the analysis service. \|&lt;/code&gt;, but got $false.">at $filesAreTheSame | Should -Be $true -Because ('The file hashes before and after applying the Set-ModuleReadMe function should be identical, but got&lt;/p&gt;&lt;code&gt;{0}&lt;/code&gt;' -f $mdFormattedDiff), C:\dev\ip\Azure-ResourceModules\ResourceModules\utilities\pipelines\staticValidation\module.tests.ps1:552
at &lt;ScriptBlock&gt;, C:\dev\ip\Azure-ResourceModules\ResourceModules\utilities\pipelines\staticValidation\module.tests.ps1:552</failure>
    </testcase>
    <testcase name="Test file tests.General test file.[Microsoft.AnalysisServices/servers] Bicep test deployment files should invoke test like [module testDeployment '../.*deploy.bicep' = {]" status="Passed" classname="C:\dev\ip\Azure-ResourceModules\ResourceModules\utilities\pipelines\staticValidation\module.tests.ps1" assertions="0" time="0.034" />
    <testcase name="Test file tests.General test file.[Microsoft.AnalysisServices/servers] Bicep test deployment files should invoke test like [module testDeployment '../.*deploy.bicep' = {]" status="Passed" classname="C:\dev\ip\Azure-ResourceModules\ResourceModules\utilities\pipelines\staticValidation\module.tests.ps1" assertions="0" time="0.030" />
    <testcase name="Test file tests.General test file.[Microsoft.AnalysisServices/servers] Bicep test deployment files should invoke test like [module testDeployment '../.*deploy.bicep' = {]" status="Passed" classname="C:\dev\ip\Azure-ResourceModules\ResourceModules\utilities\pipelines\staticValidation\module.tests.ps1" assertions="0" time="0.032" />
    <testcase name="Test file tests.General test file.[Microsoft.AnalysisServices/servers] Bicep test deployment name should contain [-test-]" status="Passed" classname="C:\dev\ip\Azure-ResourceModules\ResourceModules\utilities\pipelines\staticValidation\module.tests.ps1" assertions="0" time="0.026" />
    <testcase name="Test file tests.General test file.[Microsoft.AnalysisServices/servers] Bicep test deployment name should contain [-test-]" status="Passed" classname="C:\dev\ip\Azure-ResourceModules\ResourceModules\utilities\pipelines\staticValidation\module.tests.ps1" assertions="0" time="0.026" />
    <testcase name="Test file tests.General test file.[Microsoft.AnalysisServices/servers] Bicep test deployment name should contain [-test-]" status="Passed" classname="C:\dev\ip\Azure-ResourceModules\ResourceModules\utilities\pipelines\staticValidation\module.tests.ps1" assertions="0" time="0.029" />
    <testcase name="Test file tests.General test file.[Microsoft.AnalysisServices/servers] Bicep test deployment should have parameter [serviceShort]" status="Passed" classname="C:\dev\ip\Azure-ResourceModules\ResourceModules\utilities\pipelines\staticValidation\module.tests.ps1" assertions="0" time="0.029" />
    <testcase name="Test file tests.General test file.[Microsoft.AnalysisServices/servers] Bicep test deployment should have parameter [serviceShort]" status="Passed" classname="C:\dev\ip\Azure-ResourceModules\ResourceModules\utilities\pipelines\staticValidation\module.tests.ps1" assertions="0" time="0.042" />
    <testcase name="Test file tests.General test file.[Microsoft.AnalysisServices/servers] Bicep test deployment should have parameter [serviceShort]" status="Passed" classname="C:\dev\ip\Azure-ResourceModules\ResourceModules\utilities\pipelines\staticValidation\module.tests.ps1" assertions="0" time="0.028" />
    <testcase name="Deployment template tests.General template.[Microsoft.AnalysisServices/servers] The template file should not be empty" status="Passed" classname="C:\dev\ip\Azure-ResourceModules\ResourceModules\utilities\pipelines\staticValidation\module.tests.ps1" assertions="0" time="0.050" />
    <testcase name="Deployment template tests.General template.[Microsoft.AnalysisServices/servers] Template schema version should be the latest" status="Passed" classname="C:\dev\ip\Azure-ResourceModules\ResourceModules\utilities\pipelines\staticValidation\module.tests.ps1" assertions="0" time="0.030" />
    <testcase name="Deployment template tests.General template.[Microsoft.AnalysisServices/servers] Template schema should use HTTPS reference" status="Passed" classname="C:\dev\ip\Azure-ResourceModules\ResourceModules\utilities\pipelines\staticValidation\module.tests.ps1" assertions="0" time="0.029" />
    <testcase name="Deployment template tests.General template.[Microsoft.AnalysisServices/servers] All apiVersion properties should be set to a static, hard-coded value" status="Passed" classname="C:\dev\ip\Azure-ResourceModules\ResourceModules\utilities\pipelines\staticValidation\module.tests.ps1" assertions="0" time="0.033" />
    <testcase name="Deployment template tests.General template.[Microsoft.AnalysisServices/servers] The template file should contain required elements: schema, contentVersion, &#xD;esources " status="Passed" classname="C:\dev\ip\Azure-ResourceModules\ResourceModules\utilities\pipelines\staticValidation\module.tests.ps1" assertions="0" time="0.058" />
    <testcase name="Deployment template tests.General template.[Microsoft.AnalysisServices/servers] If delete lock is implemented, the template should have a lock parameter with an empty default value" status="Passed" classname="C:\dev\ip\Azure-ResourceModules\ResourceModules\utilities\pipelines\staticValidation\module.tests.ps1" assertions="0" time="0.080" />
    <testcase name="Deployment template tests.General template.[Microsoft.AnalysisServices/servers] Parameter names should be camel-cased (no dashes or underscores and must start with lower-case letter)" status="Passed" classname="C:\dev\ip\Azure-ResourceModules\ResourceModules\utilities\pipelines\staticValidation\module.tests.ps1" assertions="0" time="0.067" />
    <testcase name="Deployment template tests.General template.[Microsoft.AnalysisServices/servers] Variable names should be camel-cased (no dashes or underscores and must start with lower-case letter)" status="Passed" classname="C:\dev\ip\Azure-ResourceModules\ResourceModules\utilities\pipelines\staticValidation\module.tests.ps1" assertions="0" time="0.051" />
    <testcase name="Deployment template tests.General template.[Microsoft.AnalysisServices/servers] Output names should be camel-cased (no dashes or underscores and must start with lower-case letter)" status="Passed" classname="C:\dev\ip\Azure-ResourceModules\ResourceModules\utilities\pipelines\staticValidation\module.tests.ps1" assertions="0" time="0.053" />
    <testcase name="Deployment template tests.General template.[Microsoft.AnalysisServices/servers] CUA ID deployment should be present in the template" status="Passed" classname="C:\dev\ip\Azure-ResourceModules\ResourceModules\utilities\pipelines\staticValidation\module.tests.ps1" assertions="0" time="0.138" />
    <testcase name="Deployment template tests.General template.[Microsoft.AnalysisServices/servers] The Location should be defined as a parameter, with the default value of '&#xD;esourceGroup().Location' or global for ResourceGroup deployment scope" status="Passed" classname="C:\dev\ip\Azure-ResourceModules\ResourceModules\utilities\pipelines\staticValidation\module.tests.ps1" assertions="0" time="0.050" />
    <testcase name="Deployment template tests.General template.[Microsoft.AnalysisServices/servers] Location output should be returned for resources that use it" status="Passed" classname="C:\dev\ip\Azure-ResourceModules\ResourceModules\utilities\pipelines\staticValidation\module.tests.ps1" assertions="0" time="0.035" />
    <testcase name="Deployment template tests.General template.[Microsoft.AnalysisServices/servers] Resource Group output should exist for resources that are deployed into a resource group scope" status="Passed" classname="C:\dev\ip\Azure-ResourceModules\ResourceModules\utilities\pipelines\staticValidation\module.tests.ps1" assertions="0" time="0.032" />
    <testcase name="Deployment template tests.General template.[Microsoft.AnalysisServices/servers] Resource name output should exist" status="Passed" classname="C:\dev\ip\Azure-ResourceModules\ResourceModules\utilities\pipelines\staticValidation\module.tests.ps1" assertions="0" time="0.039" />
    <testcase name="Deployment template tests.General template.[Microsoft.AnalysisServices/servers] Resource ID output should exist" status="Passed" classname="C:\dev\ip\Azure-ResourceModules\ResourceModules\utilities\pipelines\staticValidation\module.tests.ps1" assertions="0" time="0.024" />
    <testcase name="Deployment template tests.General template.[Microsoft.AnalysisServices/servers] Each parameters' description should start with a one word category starting with a capital letter, followed by a dot, a space and the actual description text ending with a dot." status="Passed" classname="C:\dev\ip\Azure-ResourceModules\ResourceModules\utilities\pipelines\staticValidation\module.tests.ps1" assertions="0" time="0.029" />
    <testcase name="Deployment template tests.General template.[Microsoft.AnalysisServices/servers] Conditional parameters' description should contain 'Required if' followed by the condition making the parameter required." status="Passed" classname="C:\dev\ip\Azure-ResourceModules\ResourceModules\utilities\pipelines\staticValidation\module.tests.ps1" assertions="0" time="0.023" />
    <testcase name="Deployment template tests.General template.[Microsoft.AnalysisServices/servers] outputs' description should start with a capital letter and contain text ending with a dot." status="Passed" classname="C:\dev\ip\Azure-ResourceModules\ResourceModules\utilities\pipelines\staticValidation\module.tests.ps1" assertions="0" time="0.025" />
    <testcase name="Deployment template tests.General template.[Microsoft.AnalysisServices/servers] All parameters in parameters files exist in template file (deploy.json)" status="Passed" classname="C:\dev\ip\Azure-ResourceModules\ResourceModules\utilities\pipelines\staticValidation\module.tests.ps1" assertions="0" time="0.051" />
    <testcase name="Deployment template tests.General template.[Microsoft.AnalysisServices/servers] All required parameters in template file (deploy.json) should exist in parameters files" status="Passed" classname="C:\dev\ip\Azure-ResourceModules\ResourceModules\utilities\pipelines\staticValidation\module.tests.ps1" assertions="0" time="0.039" />
    <testcase name="Deployment template tests.General template.[Microsoft.AnalysisServices/servers] All non-required parameters in template file should not have description that start with &quot;Required.&quot;" status="Passed" classname="C:\dev\ip\Azure-ResourceModules\ResourceModules\utilities\pipelines\staticValidation\module.tests.ps1" assertions="0" time="0.049" />
    <testcase name="API version tests.In [Microsoft.AnalysisServices/servers] used resource type [servers] should use one of the recent API version(s). Currently using [2017-08-01]" status="Passed" classname="C:\dev\ip\Azure-ResourceModules\ResourceModules\utilities\pipelines\staticValidation\module.tests.ps1" assertions="0" time="0.054" />
    <testcase name="API version tests.In [Microsoft.AnalysisServices/servers] used resource type [locks] should use one of the recent API version(s). Currently using [2020-05-01]" status="Passed" classname="C:\dev\ip\Azure-ResourceModules\ResourceModules\utilities\pipelines\staticValidation\module.tests.ps1" assertions="0" time="0.043" />
    <testcase name="API version tests.In [Microsoft.AnalysisServices/servers] used resource type [roleassignments] should use one of the recent API version(s). Currently using [2022-04-01]" status="Passed" classname="C:\dev\ip\Azure-ResourceModules\ResourceModules\utilities\pipelines\staticValidation\module.tests.ps1" assertions="0" time="0.032" />
    <testcase name="API version tests.In [Microsoft.AnalysisServices/servers] used resource type [diagnosticsettings] should use one of the recent API version(s). Currently using [2021-05-01-preview]" status="Passed" classname="C:\dev\ip\Azure-ResourceModules\ResourceModules\utilities\pipelines\staticValidation\module.tests.ps1" assertions="0" time="0.034" />
  </testsuite>
</testsuites>